2013/06/25 13:32:13 [error] [exception.CHttpException.404] exception 'CHttpException' with message 'Unable to resolve the request "favicon.ico".' in D:\www\svn-kuliah\semester 8\SLIDE SISTEM PAKAR\sispak\framework\web\CWebApplication.php:286
Stack trace:
#0 D:\www\svn-kuliah\semester 8\SLIDE SISTEM PAKAR\sispak\framework\web\CWebApplication.php(141): CWebApplication->runController('favicon.ico')
#1 D:\www\svn-kuliah\semester 8\SLIDE SISTEM PAKAR\sispak\framework\base\CApplication.php(169): CWebApplication->processRequest()
#2 D:\www\svn-kuliah\semester 8\SLIDE SISTEM PAKAR\sispak\analis\index.php(13): CApplication->run()
#3 {main}
REQUEST_URI=/favicon.ico
---
2013/06/25 13:32:22 [error] [exception.CHttpException.404] exception 'CHttpException' with message 'Unable to resolve the request "favicon.ico".' in D:\www\svn-kuliah\semester 8\SLIDE SISTEM PAKAR\sispak\framework\web\CWebApplication.php:286
Stack trace:
#0 D:\www\svn-kuliah\semester 8\SLIDE SISTEM PAKAR\sispak\framework\web\CWebApplication.php(141): CWebApplication->runController('favicon.ico')
#1 D:\www\svn-kuliah\semester 8\SLIDE SISTEM PAKAR\sispak\framework\base\CApplication.php(169): CWebApplication->processRequest()
#2 D:\www\svn-kuliah\semester 8\SLIDE SISTEM PAKAR\sispak\analis\index.php(13): CApplication->run()
#3 {main}
REQUEST_URI=/favicon.ico
---
2013/06/25 14:38:49 [error] [exception.CException] exception 'CException' with message 'AnalysisController cannot find the requested view "analysis".' in D:\www\svn-kuliah\semester 8\SLIDE SISTEM PAKAR\sispak\framework\web\CController.php:878
Stack trace:
#0 D:\www\svn-kuliah\semester 8\SLIDE SISTEM PAKAR\sispak\framework\web\CController.php(782): CController->renderPartial('analysis', NULL, true)
#1 D:\www\svn-kuliah\semester 8\SLIDE SISTEM PAKAR\sispak\analis\protected\controllers\AnalysisController.php(65): CController->render('analysis')
#2 D:\www\svn-kuliah\semester 8\SLIDE SISTEM PAKAR\sispak\framework\web\actions\CInlineAction.php(49): AnalysisController->actionAnalysis()
#3 D:\www\svn-kuliah\semester 8\SLIDE SISTEM PAKAR\sispak\framework\web\CController.php(308): CInlineAction->runWithParams(Array)
#4 D:\www\svn-kuliah\semester 8\SLIDE SISTEM PAKAR\sispak\framework\web\CController.php(286): CController->runAction(Object(CInlineAction))
#5 D:\www\svn-kuliah\semester 8\SLIDE SISTEM PAKAR\sispak\framework\web\CController.php(265): CController->runActionWithFilters(Object(CInlineAction), Array)
#6 D:\www\svn-kuliah\semester 8\SLIDE SISTEM PAKAR\sispak\framework\web\CWebApplication.php(282): CController->run('analysis')
#7 D:\www\svn-kuliah\semester 8\SLIDE SISTEM PAKAR\sispak\framework\web\CWebApplication.php(141): CWebApplication->runController('analysis/analys...')
#8 D:\www\svn-kuliah\semester 8\SLIDE SISTEM PAKAR\sispak\framework\base\CApplication.php(169): CWebApplication->processRequest()
#9 D:\www\svn-kuliah\semester 8\SLIDE SISTEM PAKAR\sispak\analis\index.php(13): CApplication->run()
#10 {main}
REQUEST_URI=/analysis/analysis
HTTP_REFERER=http://sispak/
---
2013/06/25 14:38:50 [error] [exception.CHttpException.404] exception 'CHttpException' with message 'Unable to resolve the request "favicon.ico".' in D:\www\svn-kuliah\semester 8\SLIDE SISTEM PAKAR\sispak\framework\web\CWebApplication.php:286
Stack trace:
#0 D:\www\svn-kuliah\semester 8\SLIDE SISTEM PAKAR\sispak\framework\web\CWebApplication.php(141): CWebApplication->runController('favicon.ico')
#1 D:\www\svn-kuliah\semester 8\SLIDE SISTEM PAKAR\sispak\framework\base\CApplication.php(169): CWebApplication->processRequest()
#2 D:\www\svn-kuliah\semester 8\SLIDE SISTEM PAKAR\sispak\analis\index.php(13): CApplication->run()
#3 {main}
REQUEST_URI=/favicon.ico
---
2013/06/25 14:40:18 [error] [exception.CHttpException.404] exception 'CHttpException' with message 'Unable to resolve the request "favicon.ico".' in D:\www\svn-kuliah\semester 8\SLIDE SISTEM PAKAR\sispak\framework\web\CWebApplication.php:286
Stack trace:
#0 D:\www\svn-kuliah\semester 8\SLIDE SISTEM PAKAR\sispak\framework\web\CWebApplication.php(141): CWebApplication->runController('favicon.ico')
#1 D:\www\svn-kuliah\semester 8\SLIDE SISTEM PAKAR\sispak\framework\base\CApplication.php(169): CWebApplication->processRequest()
#2 D:\www\svn-kuliah\semester 8\SLIDE SISTEM PAKAR\sispak\analis\index.php(13): CApplication->run()
#3 {main}
REQUEST_URI=/favicon.ico
---
2013/06/25 14:40:39 [error] [exception.CException] exception 'CException' with message 'AnalysisController cannot find the requested view "analysis".' in D:\www\svn-kuliah\semester 8\SLIDE SISTEM PAKAR\sispak\framework\web\CController.php:878
Stack trace:
#0 D:\www\svn-kuliah\semester 8\SLIDE SISTEM PAKAR\sispak\framework\web\CController.php(782): CController->renderPartial('analysis', NULL, true)
#1 D:\www\svn-kuliah\semester 8\SLIDE SISTEM PAKAR\sispak\analis\protected\controllers\AnalysisController.php(65): CController->render('analysis')
#2 D:\www\svn-kuliah\semester 8\SLIDE SISTEM PAKAR\sispak\framework\web\actions\CInlineAction.php(49): AnalysisController->actionAnalysis()
#3 D:\www\svn-kuliah\semester 8\SLIDE SISTEM PAKAR\sispak\framework\web\CController.php(308): CInlineAction->runWithParams(Array)
#4 D:\www\svn-kuliah\semester 8\SLIDE SISTEM PAKAR\sispak\framework\web\CController.php(286): CController->runAction(Object(CInlineAction))
#5 D:\www\svn-kuliah\semester 8\SLIDE SISTEM PAKAR\sispak\framework\web\CController.php(265): CController->runActionWithFilters(Object(CInlineAction), Array)
#6 D:\www\svn-kuliah\semester 8\SLIDE SISTEM PAKAR\sispak\framework\web\CWebApplication.php(282): CController->run('analysis')
#7 D:\www\svn-kuliah\semester 8\SLIDE SISTEM PAKAR\sispak\framework\web\CWebApplication.php(141): CWebApplication->runController('analysis/analys...')
#8 D:\www\svn-kuliah\semester 8\SLIDE SISTEM PAKAR\sispak\framework\base\CApplication.php(169): CWebApplication->processRequest()
#9 D:\www\svn-kuliah\semester 8\SLIDE SISTEM PAKAR\sispak\analis\index.php(13): CApplication->run()
#10 {main}
REQUEST_URI=/analysis/analysis
HTTP_REFERER=http://sispak/analysis/
---
2013/06/25 14:40:39 [error] [exception.CHttpException.404] exception 'CHttpException' with message 'Unable to resolve the request "favicon.ico".' in D:\www\svn-kuliah\semester 8\SLIDE SISTEM PAKAR\sispak\framework\web\CWebApplication.php:286
Stack trace:
#0 D:\www\svn-kuliah\semester 8\SLIDE SISTEM PAKAR\sispak\framework\web\CWebApplication.php(141): CWebApplication->runController('favicon.ico')
#1 D:\www\svn-kuliah\semester 8\SLIDE SISTEM PAKAR\sispak\framework\base\CApplication.php(169): CWebApplication->processRequest()
#2 D:\www\svn-kuliah\semester 8\SLIDE SISTEM PAKAR\sispak\analis\index.php(13): CApplication->run()
#3 {main}
REQUEST_URI=/favicon.ico
---
2013/06/25 14:41:17 [error] [exception.CException] exception 'CException' with message 'AnalysisController cannot find the requested view "analysis".' in D:\www\svn-kuliah\semester 8\SLIDE SISTEM PAKAR\sispak\framework\web\CController.php:878
Stack trace:
#0 D:\www\svn-kuliah\semester 8\SLIDE SISTEM PAKAR\sispak\framework\web\CController.php(782): CController->renderPartial('analysis', NULL, true)
#1 D:\www\svn-kuliah\semester 8\SLIDE SISTEM PAKAR\sispak\analis\protected\controllers\AnalysisController.php(65): CController->render('analysis')
#2 D:\www\svn-kuliah\semester 8\SLIDE SISTEM PAKAR\sispak\framework\web\actions\CInlineAction.php(49): AnalysisController->actionAnalysis()
#3 D:\www\svn-kuliah\semester 8\SLIDE SISTEM PAKAR\sispak\framework\web\CController.php(308): CInlineAction->runWithParams(Array)
#4 D:\www\svn-kuliah\semester 8\SLIDE SISTEM PAKAR\sispak\framework\web\CController.php(286): CController->runAction(Object(CInlineAction))
#5 D:\www\svn-kuliah\semester 8\SLIDE SISTEM PAKAR\sispak\framework\web\CController.php(265): CController->runActionWithFilters(Object(CInlineAction), Array)
#6 D:\www\svn-kuliah\semester 8\SLIDE SISTEM PAKAR\sispak\framework\web\CWebApplication.php(282): CController->run('analysis')
#7 D:\www\svn-kuliah\semester 8\SLIDE SISTEM PAKAR\sispak\framework\web\CWebApplication.php(141): CWebApplication->runController('analysis/analys...')
#8 D:\www\svn-kuliah\semester 8\SLIDE SISTEM PAKAR\sispak\framework\base\CApplication.php(169): CWebApplication->processRequest()
#9 D:\www\svn-kuliah\semester 8\SLIDE SISTEM PAKAR\sispak\analis\index.php(13): CApplication->run()
#10 {main}
REQUEST_URI=/analysis/analysis
HTTP_REFERER=http://sispak/analysis/
---
2013/06/25 14:41:17 [error] [exception.CHttpException.404] exception 'CHttpException' with message 'Unable to resolve the request "favicon.ico".' in D:\www\svn-kuliah\semester 8\SLIDE SISTEM PAKAR\sispak\framework\web\CWebApplication.php:286
Stack trace:
#0 D:\www\svn-kuliah\semester 8\SLIDE SISTEM PAKAR\sispak\framework\web\CWebApplication.php(141): CWebApplication->runController('favicon.ico')
#1 D:\www\svn-kuliah\semester 8\SLIDE SISTEM PAKAR\sispak\framework\base\CApplication.php(169): CWebApplication->processRequest()
#2 D:\www\svn-kuliah\semester 8\SLIDE SISTEM PAKAR\sispak\analis\index.php(13): CApplication->run()
#3 {main}
REQUEST_URI=/favicon.ico
---
2013/06/25 14:41:59 [error] [exception.CException] exception 'CException' with message 'AnalysisController cannot find the requested view "analysis".' in D:\www\svn-kuliah\semester 8\SLIDE SISTEM PAKAR\sispak\framework\web\CController.php:878
Stack trace:
#0 D:\www\svn-kuliah\semester 8\SLIDE SISTEM PAKAR\sispak\framework\web\CController.php(782): CController->renderPartial('analysis', NULL, true)
#1 D:\www\svn-kuliah\semester 8\SLIDE SISTEM PAKAR\sispak\analis\protected\controllers\AnalysisController.php(65): CController->render('analysis')
#2 D:\www\svn-kuliah\semester 8\SLIDE SISTEM PAKAR\sispak\framework\web\actions\CInlineAction.php(49): AnalysisController->actionAnalysis()
#3 D:\www\svn-kuliah\semester 8\SLIDE SISTEM PAKAR\sispak\framework\web\CController.php(308): CInlineAction->runWithParams(Array)
#4 D:\www\svn-kuliah\semester 8\SLIDE SISTEM PAKAR\sispak\framework\web\CController.php(286): CController->runAction(Object(CInlineAction))
#5 D:\www\svn-kuliah\semester 8\SLIDE SISTEM PAKAR\sispak\framework\web\CController.php(265): CController->runActionWithFilters(Object(CInlineAction), Array)
#6 D:\www\svn-kuliah\semester 8\SLIDE SISTEM PAKAR\sispak\framework\web\CWebApplication.php(282): CController->run('analysis')
#7 D:\www\svn-kuliah\semester 8\SLIDE SISTEM PAKAR\sispak\framework\web\CWebApplication.php(141): CWebApplication->runController('analysis/analys...')
#8 D:\www\svn-kuliah\semester 8\SLIDE SISTEM PAKAR\sispak\framework\base\CApplication.php(169): CWebApplication->processRequest()
#9 D:\www\svn-kuliah\semester 8\SLIDE SISTEM PAKAR\sispak\analis\index.php(13): CApplication->run()
#10 {main}
REQUEST_URI=/analysis/analysis
---
2013/06/25 14:42:00 [error] [exception.CHttpException.404] exception 'CHttpException' with message 'Unable to resolve the request "favicon.ico".' in D:\www\svn-kuliah\semester 8\SLIDE SISTEM PAKAR\sispak\framework\web\CWebApplication.php:286
Stack trace:
#0 D:\www\svn-kuliah\semester 8\SLIDE SISTEM PAKAR\sispak\framework\web\CWebApplication.php(141): CWebApplication->runController('favicon.ico')
#1 D:\www\svn-kuliah\semester 8\SLIDE SISTEM PAKAR\sispak\framework\base\CApplication.php(169): CWebApplication->processRequest()
#2 D:\www\svn-kuliah\semester 8\SLIDE SISTEM PAKAR\sispak\analis\index.php(13): CApplication->run()
#3 {main}
REQUEST_URI=/favicon.ico
---
2013/06/25 14:42:02 [error] [exception.CException] exception 'CException' with message 'AnalysisController cannot find the requested view "analysis".' in D:\www\svn-kuliah\semester 8\SLIDE SISTEM PAKAR\sispak\framework\web\CController.php:878
Stack trace:
#0 D:\www\svn-kuliah\semester 8\SLIDE SISTEM PAKAR\sispak\framework\web\CController.php(782): CController->renderPartial('analysis', NULL, true)
#1 D:\www\svn-kuliah\semester 8\SLIDE SISTEM PAKAR\sispak\analis\protected\controllers\AnalysisController.php(65): CController->render('analysis')
#2 D:\www\svn-kuliah\semester 8\SLIDE SISTEM PAKAR\sispak\framework\web\actions\CInlineAction.php(49): AnalysisController->actionAnalysis()
#3 D:\www\svn-kuliah\semester 8\SLIDE SISTEM PAKAR\sispak\framework\web\CController.php(308): CInlineAction->runWithParams(Array)
#4 D:\www\svn-kuliah\semester 8\SLIDE SISTEM PAKAR\sispak\framework\web\CController.php(286): CController->runAction(Object(CInlineAction))
#5 D:\www\svn-kuliah\semester 8\SLIDE SISTEM PAKAR\sispak\framework\web\CController.php(265): CController->runActionWithFilters(Object(CInlineAction), Array)
#6 D:\www\svn-kuliah\semester 8\SLIDE SISTEM PAKAR\sispak\framework\web\CWebApplication.php(282): CController->run('analysis')
#7 D:\www\svn-kuliah\semester 8\SLIDE SISTEM PAKAR\sispak\framework\web\CWebApplication.php(141): CWebApplication->runController('analysis/analys...')
#8 D:\www\svn-kuliah\semester 8\SLIDE SISTEM PAKAR\sispak\framework\base\CApplication.php(169): CWebApplication->processRequest()
#9 D:\www\svn-kuliah\semester 8\SLIDE SISTEM PAKAR\sispak\analis\index.php(13): CApplication->run()
#10 {main}
REQUEST_URI=/analysis/analysis
---
2013/06/25 14:42:02 [error] [exception.CHttpException.404] exception 'CHttpException' with message 'Unable to resolve the request "favicon.ico".' in D:\www\svn-kuliah\semester 8\SLIDE SISTEM PAKAR\sispak\framework\web\CWebApplication.php:286
Stack trace:
#0 D:\www\svn-kuliah\semester 8\SLIDE SISTEM PAKAR\sispak\framework\web\CWebApplication.php(141): CWebApplication->runController('favicon.ico')
#1 D:\www\svn-kuliah\semester 8\SLIDE SISTEM PAKAR\sispak\framework\base\CApplication.php(169): CWebApplication->processRequest()
#2 D:\www\svn-kuliah\semester 8\SLIDE SISTEM PAKAR\sispak\analis\index.php(13): CApplication->run()
#3 {main}
REQUEST_URI=/favicon.ico
---
2013/06/25 14:42:34 [error] [exception.CException] exception 'CException' with message 'AnalysisController cannot find the requested view "analysis".' in D:\www\svn-kuliah\semester 8\SLIDE SISTEM PAKAR\sispak\framework\web\CController.php:878
Stack trace:
#0 D:\www\svn-kuliah\semester 8\SLIDE SISTEM PAKAR\sispak\framework\web\CController.php(782): CController->renderPartial('analysis', NULL, true)
#1 D:\www\svn-kuliah\semester 8\SLIDE SISTEM PAKAR\sispak\analis\protected\controllers\AnalysisController.php(65): CController->render('analysis')
#2 D:\www\svn-kuliah\semester 8\SLIDE SISTEM PAKAR\sispak\framework\web\actions\CInlineAction.php(49): AnalysisController->actionAnalysis()
#3 D:\www\svn-kuliah\semester 8\SLIDE SISTEM PAKAR\sispak\framework\web\CController.php(308): CInlineAction->runWithParams(Array)
#4 D:\www\svn-kuliah\semester 8\SLIDE SISTEM PAKAR\sispak\framework\web\CController.php(286): CController->runAction(Object(CInlineAction))
#5 D:\www\svn-kuliah\semester 8\SLIDE SISTEM PAKAR\sispak\framework\web\CController.php(265): CController->runActionWithFilters(Object(CInlineAction), Array)
#6 D:\www\svn-kuliah\semester 8\SLIDE SISTEM PAKAR\sispak\framework\web\CWebApplication.php(282): CController->run('analysis')
#7 D:\www\svn-kuliah\semester 8\SLIDE SISTEM PAKAR\sispak\framework\web\CWebApplication.php(141): CWebApplication->runController('analysis/analys...')
#8 D:\www\svn-kuliah\semester 8\SLIDE SISTEM PAKAR\sispak\framework\base\CApplication.php(169): CWebApplication->processRequest()
#9 D:\www\svn-kuliah\semester 8\SLIDE SISTEM PAKAR\sispak\analis\index.php(13): CApplication->run()
#10 {main}
REQUEST_URI=/analysis/analysis
---
2013/06/25 14:42:34 [error] [exception.CHttpException.404] exception 'CHttpException' with message 'Unable to resolve the request "favicon.ico".' in D:\www\svn-kuliah\semester 8\SLIDE SISTEM PAKAR\sispak\framework\web\CWebApplication.php:286
Stack trace:
#0 D:\www\svn-kuliah\semester 8\SLIDE SISTEM PAKAR\sispak\framework\web\CWebApplication.php(141): CWebApplication->runController('favicon.ico')
#1 D:\www\svn-kuliah\semester 8\SLIDE SISTEM PAKAR\sispak\framework\base\CApplication.php(169): CWebApplication->processRequest()
#2 D:\www\svn-kuliah\semester 8\SLIDE SISTEM PAKAR\sispak\analis\index.php(13): CApplication->run()
#3 {main}
REQUEST_URI=/favicon.ico
---
2013/06/25 14:42:35 [error] [exception.CException] exception 'CException' with message 'AnalysisController cannot find the requested view "analysis".' in D:\www\svn-kuliah\semester 8\SLIDE SISTEM PAKAR\sispak\framework\web\CController.php:878
Stack trace:
#0 D:\www\svn-kuliah\semester 8\SLIDE SISTEM PAKAR\sispak\framework\web\CController.php(782): CController->renderPartial('analysis', NULL, true)
#1 D:\www\svn-kuliah\semester 8\SLIDE SISTEM PAKAR\sispak\analis\protected\controllers\AnalysisController.php(65): CController->render('analysis')
#2 D:\www\svn-kuliah\semester 8\SLIDE SISTEM PAKAR\sispak\framework\web\actions\CInlineAction.php(49): AnalysisController->actionAnalysis()
#3 D:\www\svn-kuliah\semester 8\SLIDE SISTEM PAKAR\sispak\framework\web\CController.php(308): CInlineAction->runWithParams(Array)
#4 D:\www\svn-kuliah\semester 8\SLIDE SISTEM PAKAR\sispak\framework\web\CController.php(286): CController->runAction(Object(CInlineAction))
#5 D:\www\svn-kuliah\semester 8\SLIDE SISTEM PAKAR\sispak\framework\web\CController.php(265): CController->runActionWithFilters(Object(CInlineAction), Array)
#6 D:\www\svn-kuliah\semester 8\SLIDE SISTEM PAKAR\sispak\framework\web\CWebApplication.php(282): CController->run('analysis')
#7 D:\www\svn-kuliah\semester 8\SLIDE SISTEM PAKAR\sispak\framework\web\CWebApplication.php(141): CWebApplication->runController('analysis/analys...')
#8 D:\www\svn-kuliah\semester 8\SLIDE SISTEM PAKAR\sispak\framework\base\CApplication.php(169): CWebApplication->processRequest()
#9 D:\www\svn-kuliah\semester 8\SLIDE SISTEM PAKAR\sispak\analis\index.php(13): CApplication->run()
#10 {main}
REQUEST_URI=/analysis/analysis
---
2013/06/25 14:42:35 [error] [exception.CHttpException.404] exception 'CHttpException' with message 'Unable to resolve the request "favicon.ico".' in D:\www\svn-kuliah\semester 8\SLIDE SISTEM PAKAR\sispak\framework\web\CWebApplication.php:286
Stack trace:
#0 D:\www\svn-kuliah\semester 8\SLIDE SISTEM PAKAR\sispak\framework\web\CWebApplication.php(141): CWebApplication->runController('favicon.ico')
#1 D:\www\svn-kuliah\semester 8\SLIDE SISTEM PAKAR\sispak\framework\base\CApplication.php(169): CWebApplication->processRequest()
#2 D:\www\svn-kuliah\semester 8\SLIDE SISTEM PAKAR\sispak\analis\index.php(13): CApplication->run()
#3 {main}
REQUEST_URI=/favicon.ico
---
2013/06/25 14:42:36 [error] [exception.CException] exception 'CException' with message 'AnalysisController cannot find the requested view "analysis".' in D:\www\svn-kuliah\semester 8\SLIDE SISTEM PAKAR\sispak\framework\web\CController.php:878
Stack trace:
#0 D:\www\svn-kuliah\semester 8\SLIDE SISTEM PAKAR\sispak\framework\web\CController.php(782): CController->renderPartial('analysis', NULL, true)
#1 D:\www\svn-kuliah\semester 8\SLIDE SISTEM PAKAR\sispak\analis\protected\controllers\AnalysisController.php(65): CController->render('analysis')
#2 D:\www\svn-kuliah\semester 8\SLIDE SISTEM PAKAR\sispak\framework\web\actions\CInlineAction.php(49): AnalysisController->actionAnalysis()
#3 D:\www\svn-kuliah\semester 8\SLIDE SISTEM PAKAR\sispak\framework\web\CController.php(308): CInlineAction->runWithParams(Array)
#4 D:\www\svn-kuliah\semester 8\SLIDE SISTEM PAKAR\sispak\framework\web\CController.php(286): CController->runAction(Object(CInlineAction))
#5 D:\www\svn-kuliah\semester 8\SLIDE SISTEM PAKAR\sispak\framework\web\CController.php(265): CController->runActionWithFilters(Object(CInlineAction), Array)
#6 D:\www\svn-kuliah\semester 8\SLIDE SISTEM PAKAR\sispak\framework\web\CWebApplication.php(282): CController->run('analysis')
#7 D:\www\svn-kuliah\semester 8\SLIDE SISTEM PAKAR\sispak\framework\web\CWebApplication.php(141): CWebApplication->runController('analysis/analys...')
#8 D:\www\svn-kuliah\semester 8\SLIDE SISTEM PAKAR\sispak\framework\base\CApplication.php(169): CWebApplication->processRequest()
#9 D:\www\svn-kuliah\semester 8\SLIDE SISTEM PAKAR\sispak\analis\index.php(13): CApplication->run()
#10 {main}
REQUEST_URI=/analysis/analysis
---
2013/06/25 14:42:36 [error] [exception.CHttpException.404] exception 'CHttpException' with message 'Unable to resolve the request "favicon.ico".' in D:\www\svn-kuliah\semester 8\SLIDE SISTEM PAKAR\sispak\framework\web\CWebApplication.php:286
Stack trace:
#0 D:\www\svn-kuliah\semester 8\SLIDE SISTEM PAKAR\sispak\framework\web\CWebApplication.php(141): CWebApplication->runController('favicon.ico')
#1 D:\www\svn-kuliah\semester 8\SLIDE SISTEM PAKAR\sispak\framework\base\CApplication.php(169): CWebApplication->processRequest()
#2 D:\www\svn-kuliah\semester 8\SLIDE SISTEM PAKAR\sispak\analis\index.php(13): CApplication->run()
#3 {main}
REQUEST_URI=/favicon.ico
---
2013/06/25 14:42:45 [error] [exception.CHttpException.404] exception 'CHttpException' with message 'Unable to resolve the request "favicon.ico".' in D:\www\svn-kuliah\semester 8\SLIDE SISTEM PAKAR\sispak\framework\web\CWebApplication.php:286
Stack trace:
#0 D:\www\svn-kuliah\semester 8\SLIDE SISTEM PAKAR\sispak\framework\web\CWebApplication.php(141): CWebApplication->runController('favicon.ico')
#1 D:\www\svn-kuliah\semester 8\SLIDE SISTEM PAKAR\sispak\framework\base\CApplication.php(169): CWebApplication->processRequest()
#2 D:\www\svn-kuliah\semester 8\SLIDE SISTEM PAKAR\sispak\analis\index.php(13): CApplication->run()
#3 {main}
REQUEST_URI=/favicon.ico
---
2013/06/25 14:42:52 [error] [exception.CHttpException.404] exception 'CHttpException' with message 'Unable to resolve the request "favicon.ico".' in D:\www\svn-kuliah\semester 8\SLIDE SISTEM PAKAR\sispak\framework\web\CWebApplication.php:286
Stack trace:
#0 D:\www\svn-kuliah\semester 8\SLIDE SISTEM PAKAR\sispak\framework\web\CWebApplication.php(141): CWebApplication->runController('favicon.ico')
#1 D:\www\svn-kuliah\semester 8\SLIDE SISTEM PAKAR\sispak\framework\base\CApplication.php(169): CWebApplication->processRequest()
#2 D:\www\svn-kuliah\semester 8\SLIDE SISTEM PAKAR\sispak\analis\index.php(13): CApplication->run()
#3 {main}
REQUEST_URI=/favicon.ico
---
2013/06/25 14:42:57 [error] [exception.CHttpException.404] exception 'CHttpException' with message 'Unable to resolve the request "favicon.ico".' in D:\www\svn-kuliah\semester 8\SLIDE SISTEM PAKAR\sispak\framework\web\CWebApplication.php:286
Stack trace:
#0 D:\www\svn-kuliah\semester 8\SLIDE SISTEM PAKAR\sispak\framework\web\CWebApplication.php(141): CWebApplication->runController('favicon.ico')
#1 D:\www\svn-kuliah\semester 8\SLIDE SISTEM PAKAR\sispak\framework\base\CApplication.php(169): CWebApplication->processRequest()
#2 D:\www\svn-kuliah\semester 8\SLIDE SISTEM PAKAR\sispak\analis\index.php(13): CApplication->run()
#3 {main}
REQUEST_URI=/favicon.ico
---
2013/06/25 14:42:59 [error] [exception.CHttpException.404] exception 'CHttpException' with message 'Unable to resolve the request "favicon.ico".' in D:\www\svn-kuliah\semester 8\SLIDE SISTEM PAKAR\sispak\framework\web\CWebApplication.php:286
Stack trace:
#0 D:\www\svn-kuliah\semester 8\SLIDE SISTEM PAKAR\sispak\framework\web\CWebApplication.php(141): CWebApplication->runController('favicon.ico')
#1 D:\www\svn-kuliah\semester 8\SLIDE SISTEM PAKAR\sispak\framework\base\CApplication.php(169): CWebApplication->processRequest()
#2 D:\www\svn-kuliah\semester 8\SLIDE SISTEM PAKAR\sispak\analis\index.php(13): CApplication->run()
#3 {main}
REQUEST_URI=/favicon.ico
---
2013/06/25 14:43:07 [error] [exception.CHttpException.404] exception 'CHttpException' with message 'The system is unable to find the requested action "analysis".' in D:\www\svn-kuliah\semester 8\SLIDE SISTEM PAKAR\sispak\framework\web\CController.php:483
Stack trace:
#0 D:\www\svn-kuliah\semester 8\SLIDE SISTEM PAKAR\sispak\framework\web\CController.php(270): CController->missingAction('analysis')
#1 D:\www\svn-kuliah\semester 8\SLIDE SISTEM PAKAR\sispak\framework\web\CWebApplication.php(282): CController->run('analysis')
#2 D:\www\svn-kuliah\semester 8\SLIDE SISTEM PAKAR\sispak\framework\web\CWebApplication.php(141): CWebApplication->runController('admin/analysis')
#3 D:\www\svn-kuliah\semester 8\SLIDE SISTEM PAKAR\sispak\framework\base\CApplication.php(169): CWebApplication->processRequest()
#4 D:\www\svn-kuliah\semester 8\SLIDE SISTEM PAKAR\sispak\analis\index.php(13): CApplication->run()
#5 {main}
REQUEST_URI=/admin/analysis
---
2013/06/25 14:43:07 [error] [exception.CHttpException.404] exception 'CHttpException' with message 'Unable to resolve the request "favicon.ico".' in D:\www\svn-kuliah\semester 8\SLIDE SISTEM PAKAR\sispak\framework\web\CWebApplication.php:286
Stack trace:
#0 D:\www\svn-kuliah\semester 8\SLIDE SISTEM PAKAR\sispak\framework\web\CWebApplication.php(141): CWebApplication->runController('favicon.ico')
#1 D:\www\svn-kuliah\semester 8\SLIDE SISTEM PAKAR\sispak\framework\base\CApplication.php(169): CWebApplication->processRequest()
#2 D:\www\svn-kuliah\semester 8\SLIDE SISTEM PAKAR\sispak\analis\index.php(13): CApplication->run()
#3 {main}
REQUEST_URI=/favicon.ico
---
2013/06/25 14:43:20 [error] [exception.CHttpException.404] exception 'CHttpException' with message 'Unable to resolve the request "favicon.ico".' in D:\www\svn-kuliah\semester 8\SLIDE SISTEM PAKAR\sispak\framework\web\CWebApplication.php:286
Stack trace:
#0 D:\www\svn-kuliah\semester 8\SLIDE SISTEM PAKAR\sispak\framework\web\CWebApplication.php(141): CWebApplication->runController('favicon.ico')
#1 D:\www\svn-kuliah\semester 8\SLIDE SISTEM PAKAR\sispak\framework\base\CApplication.php(169): CWebApplication->processRequest()
#2 D:\www\svn-kuliah\semester 8\SLIDE SISTEM PAKAR\sispak\analis\index.php(13): CApplication->run()
#3 {main}
REQUEST_URI=/favicon.ico
---
2013/06/25 14:44:00 [error] [exception.CException] exception 'CException' with message 'AnalysisController cannot find the requested view "analysis".' in D:\www\svn-kuliah\semester 8\SLIDE SISTEM PAKAR\sispak\framework\web\CController.php:878
Stack trace:
#0 D:\www\svn-kuliah\semester 8\SLIDE SISTEM PAKAR\sispak\framework\web\CController.php(782): CController->renderPartial('analysis', NULL, true)
#1 D:\www\svn-kuliah\semester 8\SLIDE SISTEM PAKAR\sispak\analis\protected\controllers\AnalysisController.php(65): CController->render('analysis')
#2 D:\www\svn-kuliah\semester 8\SLIDE SISTEM PAKAR\sispak\framework\web\actions\CInlineAction.php(49): AnalysisController->actionAnalysis()
#3 D:\www\svn-kuliah\semester 8\SLIDE SISTEM PAKAR\sispak\framework\web\CController.php(308): CInlineAction->runWithParams(Array)
#4 D:\www\svn-kuliah\semester 8\SLIDE SISTEM PAKAR\sispak\framework\web\CController.php(286): CController->runAction(Object(CInlineAction))
#5 D:\www\svn-kuliah\semester 8\SLIDE SISTEM PAKAR\sispak\framework\web\CController.php(265): CController->runActionWithFilters(Object(CInlineAction), Array)
#6 D:\www\svn-kuliah\semester 8\SLIDE SISTEM PAKAR\sispak\framework\web\CWebApplication.php(282): CController->run('analysis')
#7 D:\www\svn-kuliah\semester 8\SLIDE SISTEM PAKAR\sispak\framework\web\CWebApplication.php(141): CWebApplication->runController('analysis/analys...')
#8 D:\www\svn-kuliah\semester 8\SLIDE SISTEM PAKAR\sispak\framework\base\CApplication.php(169): CWebApplication->processRequest()
#9 D:\www\svn-kuliah\semester 8\SLIDE SISTEM PAKAR\sispak\analis\index.php(13): CApplication->run()
#10 {main}
REQUEST_URI=/analysis/analysis
HTTP_REFERER=http://sispak/analysis/index
---
2013/06/25 14:44:01 [error] [exception.CHttpException.404] exception 'CHttpException' with message 'Unable to resolve the request "favicon.ico".' in D:\www\svn-kuliah\semester 8\SLIDE SISTEM PAKAR\sispak\framework\web\CWebApplication.php:286
Stack trace:
#0 D:\www\svn-kuliah\semester 8\SLIDE SISTEM PAKAR\sispak\framework\web\CWebApplication.php(141): CWebApplication->runController('favicon.ico')
#1 D:\www\svn-kuliah\semester 8\SLIDE SISTEM PAKAR\sispak\framework\base\CApplication.php(169): CWebApplication->processRequest()
#2 D:\www\svn-kuliah\semester 8\SLIDE SISTEM PAKAR\sispak\analis\index.php(13): CApplication->run()
#3 {main}
REQUEST_URI=/favicon.ico
---
